<?xml version="1.0" encoding="UTF-8"?>
<!-- Generated by org.testng.reporters.JUnitReportReporter -->
<testsuite hostname="SaiPooja" failures="0" tests="3" name="com.testClasses.TestClass1" time="16.313" errors="0" timestamp="2024-10-15T10:21:35 IST" skipped="0">
  <testcase classname="com.testClasses.TestClass1" name="test2" time="6.814"/>
  <testcase classname="com.testClasses.TestClass1" name="test1" time="4.136"/>
  <testcase classname="com.testClasses.TestClass1" name="test3" time="5.363"/>
</testsuite> <!-- com.testClasses.TestClass1 -->
